1572054345928	mozrunner::runner	INFO	Running command: "D:\\Program Files (x86)\\Mozilla Firefox\\firefox.exe" "-marionette" "-foreground" "-no-remote" "-profile" "C:\\Users\\clc\\AppData\\Local\\Temp\\rust_mozprofile9L1EB7"
1572054357198	Marionette	INFO	Listening on port 61450
1572054357674	Marionette	WARN	TLS certificate errors will be ignored for this session
console.error: BroadcastService: 
  receivedBroadcastMessage: handler for
  remote-settings/monitor_changes
  threw error:
  Message: Error: Polling for changes failed: NetworkError when attempting to fetch resource..
  Stack:
    remoteSettingsFunction/remoteSettings.pollChanges@resource://services-settings/remote-settings.js:721:13

[Parent 12944, Gecko_IOThread] WARNING: pipe error: 109: file z:/build/build/src/ipc/chromium/src/chrome/common/ipc_channel_win.cc, line 346
[Parent 12944, Gecko_IOThread] WARNING: pipe error: 109: file z:/build/build/src/ipc/chromium/src/chrome/common/ipc_channel_win.cc, line 346
[Child 17244, Chrome_[ChiChild 1ldTh03re08, ad] ChroWARNme_CINGhil: pidThpe ereadrror: ] W109:ARNING: pipe erro filr: 109: file z:/build/build/src/ipc/chromium/src/chrome/common/ipc_ceh z:/build/build/src/ipc/chromium/src/charnome/common/ipc_channel_win.cc, line 346
[Child 17244, Chrnel_win.cc, line 346
[Child 10308, Chrome_ChildThread] WARNING: pipe error: 109: file z:/build/build/src/ipcome_C/hichromium/src/chrome/coldmmTon/ihrepc_channead] WARNING: pilpe _win.cc, line 346
[Parent 12944, Gecko_IOThread] WARNING: pipe error: 109: file z:/build/build/src/ipc/chromium/src/chrome/common/ipc_channel_win.cc, line 346
[Child 5104, Chrome_ChildThread] WARNING: pipe error: 109: file z:/build/build/src/ipc/chromium/src/chrome/common/ipc_channel_win.cc, line 346
[Child 5104, Chrome_ChildThread] WARNING: pipe error: 109: file z:/build/build/src/ipc/1572054876228	Marionette	INFO	Stopped listening on port 61450

###!!! [Child][RunMessage] Error: Channel closing: too late to send/recv, messages will be lost

[GPU 181
###!!! [Child][MessageChannel::SendAndWait] Error: Channel error: cannot send/recv

1572060543708	mozrunner::runner	INFO	Running command: "D:\\Program Files (x86)\\Mozilla Firefox\\firefox.exe" "-marionette" "-foreground" "-no-remote" "-profile" "C:\\Users\\clc\\AppData\\Local\\Temp\\rust_mozprofileyIpiup"
1572060553362	Marionette	INFO	Listening on port 50960
1572060553694	Marionette	WARN	TLS certificate errors will be ignored for this session
console.error: "Tried to send a 'tabDetached' event on an already destroyed actor 'frameTarget'"
[Parent 616, Gecko_IOThread] WARNING: pipe error: 109: file z:/build/build/src/ipc/chromium/src/chrome/common/ipc_channel_win.cc, line 346
[Child 18148, Chrome_ChildThread] WARNING: pipe error: 109: file z:/build/build/src/ipc/chromium/src/chrome/common/ipc_channel_win.cc, line 346
[Child 18148, Chrome_ChildThread] WARNING: pipe error: 109: file z:/build/build/src/ipc/chromi[Parent 616, Gecko_IOThread] WARNING: pipe error: 109: file z:/build/build/src/ipc/chromium/src/chrome/common/ipc_channel_win.cc, line 346
[Child 5764, Chrome_ChildThread] WARNING: pipe error: 109: file z:/build/build/src/ipc/chromium/src/chrome/common/ipc_channel_win.cc, line 346
[Child 5764, Chrome_ChildThread] WARNING: pipe error: 109: file z:/build/build/sr[Parent 616, Gecko_IOThread] WARNING: pipe error: 109: file z:/build/build/src/ipc/chromium/src/chrome/common/ipc_channel_win.cc, line 346
1572060625596	Marionette	INFO	Stopped listening on port 50960

###!!! [Child][RunMessage] Error: Channel closing: too late to send/recv, messages will be lost

[GPU 
###!!! [Child][MessageChannel::SendAndWait] Error: Channel error: cannot send/recv

1572060639370	mozrunner::runner	INFO	Running command: "D:\\Program Files (x86)\\Mozilla Firefox\\firefox.exe" "-marionette" "-foreground" "-no-remote" "-profile" "C:\\Users\\clc\\AppData\\Local\\Temp\\rust_mozprofile0pYJHT"
1572060644172	Marionette	INFO	Listening on port 51084
1572060644311	Marionette	WARN	TLS certificate errors will be ignored for this session
console.error: BroadcastService: 
  receivedBroadcastMessage: handler for
  remote-settings/monitor_changes
  threw error:
  Message: Error: Polling for changes failed: NetworkError when attempting to fetch resource..
  Stack:
    remoteSettingsFunction/remoteSettings.pollChanges@resource://services-settings/remote-settings.js:721:13

console.error: "Tried to send a 'tabDetached' event on an already destroyed actor 'frameTarget'"
[Child 9748, Chrome_ChildThread] WARNING: pipe error: 109: file z:/build/build/src/ipc/chromium/src/chrome/common/ipc_channel_win.cc, line 346
[Child 9748, Chrome_ChildThread] WARNING: pipe error: 109: file z:/build/build/src/ipc/chromium/src/chrome/common/ipc_channel_win.cc, line 346
[Child 3168, Chrome_ChildThread] WARNING: pipe error: 109: file z:/build/build/src/ipc/chromium/src/chrome/common/ipc_channel_win.cc, line 346
[Child 3168, Chrome_Child[Parent 8224, Gecko_IOThread] WARNING: pipe error: 109: file z:/build/build/src/ipc/chromium/src/chrome/common/ipc_channel_win.cc, line 346
[Child 12472, Chrome_ChildThread] WARNING: pipe error: 109: file z:/build/build/src/ipc/chromium/src/chrome/common/ipc_channel_win.cc, line 346
[Child 12472, Chrome_ChildThread] WARNING: pipe error: 109: file z:/build/build/src/ipc/chromium/src/1572061070913	Marionette	INFO	Stopped listening on port 51084

###!!! [Child][RunMessage] Error: Channel closing: too late to send/recv, messages will be lost

[GPU 3308, Ch
###!!! [Child][MessageChannel::SendAndWait] Error: Channel error: cannot send/recv

1572061278220	mozrunner::runner	INFO	Running command: "D:\\Program Files (x86)\\Mozilla Firefox\\firefox.exe" "-marionette" "-foreground" "-no-remote" "-profile" "C:\\Users\\clc\\AppData\\Local\\Temp\\rust_mozprofilejyMksT"
1572061282384	Marionette	INFO	Listening on port 51439
1572061283336	Marionette	WARN	TLS certificate errors will be ignored for this session
console.error: BroadcastService: 
  receivedBroadcastMessage: handler for
  remote-settings/monitor_changes
  threw error:
  Message: Error: Polling for changes failed: NetworkError when attempting to fetch resource..
  Stack:
    remoteSettingsFunction/remoteSettings.pollChanges@resource://services-settings/remote-settings.js:721:13

[Parent 16860, Gecko_IOThread] WARNING: pipe error: 109: file z:/build/build/src/ipc/chromium/src/chrome/common/ipc_channel_win.cc, line 346
[Child 2472, Chrome_ChildThread] WARNING: pipe error: 109: file z:/build/build/src/ipc/chromium/src/chrome/common/ipc_channel_win.cc, line 346
[Child 2472, Chrome_Chi[Parent 16860, Gecko_IOThread] WARNING: pipe error: 109: file z:/build/build/src/ipc/chromium/src/chrome/common/ipc_channel_win.cc, line 346
1572061353628	Marionette	INFO	Stopped listening on port 51439

###!!! [Child][RunMessage] Error: Channel closing: too late to send/recv, messages will be lost

[GPU 3108, 
###!!! [Child][MessageChannel::SendAndWait] Error: Channel error: cannot send/recv

1572061369867	mozrunner::runner	INFO	Running command: "D:\\Program Files (x86)\\Mozilla Firefox\\firefox.exe" "-marionette" "-foreground" "-no-remote" "-profile" "C:\\Users\\clc\\AppData\\Local\\Temp\\rust_mozprofilee7Ryox"
1572061374216	Marionette	INFO	Listening on port 51544
1572061374314	Marionette	WARN	TLS certificate errors will be ignored for this session
[Parent 544, Gecko_IOThread] WARNING: pipe error: 109: file z:/build/build/src/ipc/chromium/src/chrome/common/ipc_channel_win.cc, line 346
1572061388711	Marionette	INFO	Stopped listening on port 51544

###!!! [Child][RunMessage] Error: Channel closing: too late to send/recv, messages will be lost

[GPU 11132, C
###!!! [Child][MessageChannel::SendAndWait] Error: Channel error: cannot send/recv

1572061400758	mozrunner::runner	INFO	Running command: "D:\\Program Files (x86)\\Mozilla Firefox\\firefox.exe" "-marionette" "-foreground" "-no-remote" "-profile" "C:\\Users\\clc\\AppData\\Local\\Temp\\rust_mozprofilei2oVNQ"
1572061404684	Marionette	INFO	Listening on port 51610
1572061405135	Marionette	WARN	TLS certificate errors will be ignored for this session
[Parent 6888, Gecko_IOThread] WARNING: pipe error: 109: file z:/build/build/src/ipc/chromium/src/chrome/common/ipc_channel_win.cc, line 346
[Child 14796, Chrome_ChildThread] WARNING: pipe error: 109: file z:/build/build/src/ipc/chromium/src/chrome/common/ipc_channel_win.cc, line 346
[Child 14796, Chrome_ChildThread] WARNING: pipe error: 109: file z:/build/build/src/ipc/chromium/src/chrome/common/ipc_channel_win.cc, line 346
[Parent 6888, Gecko_IOThread] WARNING: pipe error: 109: file z:/build/build/src/ipc/chromium/src/chrome/common/ipc_channel_win.cc, line 346
[Child 16584, Chrome_ChildThread] WARNING: pipe error: 109: file z:/build/build/src/ipc/chromium/src/chrome/common/ipc_channel_win.cc, line 346
[Child 16584, Ch1572061426578	Marionette	INFO	Stopped listening on port 51610

###!!! [Child][RunMessage] Error: Channel closing: too late to send/recv, messages will be lost

[GPU 18456, 
###!!! [Child][MessageChannel::SendAndWait] Error: Channel error: cannot send/recv

1572061441870	mozrunner::runner	INFO	Running command: "D:\\Program Files (x86)\\Mozilla Firefox\\firefox.exe" "-marionette" "-foreground" "-no-remote" "-profile" "C:\\Users\\clc\\AppData\\Local\\Temp\\rust_mozprofileigutCq"
1572061445797	Marionette	INFO	Listening on port 51680
1572061446216	Marionette	WARN	TLS certificate errors will be ignored for this session
[Parent 9544, Gecko_IOThread] WARNING: pipe error: 109: file z:/build/build/src/ipc/chromium/src/chrome/common/ipc_channel_win.cc, line 346
[Child 18760, Chrome_ChildThread] WARNING: pipe error: 109: file z:/build/build/src/ipc/chromium/src/chrome/common/ipc_channel_win.cc, line 346
[Child 18760, Chrome_C[Parent 9544, Gecko_IOThread] WARNING: pipe error: 109: file z:/build/build/src/ipc/chromium/src/chrome/common/ipc_channel_win.cc, line 346
1572061465090	Marionette	INFO	Stopped listening on port 51680

###!!! [Child][RunMessage] Error: Channel closing: too late to send/recv, messages will be lost

[GPU 1428, C
###!!! [Child][MessageChannel::SendAndWait] Error: Channel error: cannot send/recv

1574134684063	mozrunner::runner	INFO	Running command: "D:\\Program Files (x86)\\Mozilla Firefox\\firefox.exe" "-marionette" "-foreground" "-no-remote" "-profile" "C:\\Users\\clc\\AppData\\Local\\Temp\\rust_mozprofilen6jJPd"
1574134689965	Marionette	INFO	Listening on port 55848
1574134690299	Marionette	WARN	TLS certificate errors will be ignored for this session
console.error: BroadcastService: 
  receivedBroadcastMessage: handler for
  remote-settings/monitor_changes
  threw error:
  Message: Error: Polling for changes failed: NetworkError when attempting to fetch resource..
  Stack:
    remoteSettingsFunction/remoteSettings.pollChanges@resource://services-settings/remote-settings.js:721:13

[Parent 70980, Gecko_IOThread] WARNING: pipe error: 109: file z:/build/build/src/ipc/chromium/src/chrome/common/ipc_channel_win.cc, line 346
[Child 60792, Chrome_ChildThread] WARNING: pipe error: 109: file z:/build/build/src/ipc/chromium/src/chrome/common/ipc_channel_win.cc, line 346
[Child 60792, Chrome_ChildThread] WARNING: pipe error: 109: file z:/build/build/src/ipc/chromium/src/chrome/common/i1574144893093	Marionette	INFO	Stopped listening on port 55848
[GPU 78408, Chrom
###!!! [Child][MessageChannel::SendAndWait] Error: Channel error: cannot send/recv

:/build/build/src/ipc/chromium/src/chrome/common/ipc_channel_win.cc, line 346
[Child 79188, Chrome_ChildThread] WARNING: pipe error: 109: file z:/build/build/src/ipc/chromium/src/chrome/common/ipc_channel_win.cc, line 346
[Child 79188, Chrome_ChildThread] WARNING: pipe error: 109: file z:/build/build/src/ipc/chromium/src/chrome/common/ipc_channel_win.cc, line 346
[Parent 69072, Gecko_IOThread] WARNING: file z:/build/build/src/ipc/chromium/src/base/process_util_win.cc, line 188
[Parent 69072, Gecko_IOThread] WARNING: pipe error: 109: file z:/build/build/src/ipc/chromium/src/chrome/common/ipc_channel_win.cc, line 346
1574134996558	Marionette	INFO	Stopped listening on port 56009

###!!! [Child][RunMessage] Error: Channel closing: too late to send/recv, messages will be lost

[
###!!! [Child][MessageChannel::SendAndWait] Error: Channel error: cannot send/recv

1574151958297	mozrunner::runner	INFO	Running command: "D:\\Program Files (x86)\\Mozilla Firefox\\firefox.exe" "-marionette" "-foreground" "-no-remote" "-profile" "C:\\Users\\clc\\AppData\\Local\\Temp\\rust_mozprofileI4zSKW"
1574151969000	Marionette	INFO	Listening on port 62027
1574151969459	Marionette	WARN	TLS certificate errors will be ignored for this session
JavaScript error: https://ss1.bdstatic.com/5eN1bjq8AAUYm2zgoY3K/r/www/cache/static/protocol/https/plugins/every_cookie_4644b13.js, line 4: ReferenceError: c is not defined
1574151981857	Marionette	INFO	Stopped listening on port 62027
[Parent 18028, Gecko_IOThread] WARNING: pipe error: 109: file z:/build/build/src/ipc/chromium/src/chrome/common/ipc_channel_win.cc, line 346
[Parent 18028, Gecko_IOThread] WARNING: file z:/build/build/src/ipc/chromium/src/base/process_util_win.cc, line 188
[Parent 18028, Gecko_IOThread] WARNING: pipe error: 109: file z:/build/build/src/ipc/chromium/src/chrome/common/ipc_channel_win.cc, line 346
[Child 84812, Chrome_ChildThread] WARNING: pipe error: 109: file z:/build/build/src/ipc/chromium/src/chrome/common/ipc_channel_win.cc, line 346
[Child 84812, Chrome_ChildThread] WARNING: pipe error: 10[GPU 838
###!!! [Child][RunMessage] Error: Channel closing: too late to send/recv, messages will be lost


###!!! [Child][MessageChannel::SendAndWait] Error: Channel error: cannot send/recv

1574152108765	mozrunner::runner	INFO	Running command: "D:\\Program Files (x86)\\Mozilla Firefox\\firefox.exe" "-marionette" "-foreground" "-no-remote" "-profile" "C:\\Users\\clc\\AppData\\Local\\Temp\\rust_mozprofile2OiLUg"
1574152112698	Marionette	INFO	Listening on port 62107
1574152113109	Marionette	WARN	TLS certificate errors will be ignored for this session
JavaScript error: https://ss1.bdstatic.com/5eN1bjq8AAUYm2zgoY3K/r/www/cache/static/protocol/https/plugins/every_cookie_4644b13.js, line 4: ReferenceError: c is not defined
console.error: BroadcastService: 
  receivedBroadcastMessage: handler for
  remote-settings/monitor_changes
  threw error:
  Message: Error: Polling for changes failed: NetworkError when attempting to fetch resource..
  Stack:
    remoteSettingsFunction/remoteSettings.pollChanges@resource://services-settings/remote-settings.js:721:13

[Parent 85060, Gecko_IOThread] WARNING: pipe error: 109: file z:/build/build/src/ipc/chromium/src/chrome/common/ipc_channel_win.cc, line 346
[Parent 85060, Gecko_IOThread] WARNING: pipe error: 109: file z:/build/build/src/ipc/chromium/src/chrome/common/ipc_channel_win.cc, line 346
[Child 86004, Chrome_ChildThread] WARNING: pipe error: 109: file z:/build/build/src/ipc/chromium/src/chrome/common/ipc_channel_w[Chin.ildcc,  85line000 34, C6
hrome_C[ChilhildThread] WARNING: pipe error: 109: file z:/build/build/src/ipc/chromium/src/chrome/common/ipc_channel_win.cc, line 346
[Child 85000, [Parent 85060, Gecko_IOThread] WARNING: pipe error: 109: file z:/build/build/src/ipc/chromium/src/chrome/common/ipc_channel_win.cc, line 346
[Child 85084, Chrome_ChildThread] WARNING: pipe error: 109: file z:/build/build/src/ipc/chromium/src/chrome/common/ipc_channel_win.cc, line 346
[Child 850841574152519758	Marionette	INFO	Stopped listening on port 62107

###!!! [Child][RunMessage] Error: Channel closing: too late to send/recv, messages will be lost

[G
###!!! [Child][MessageChannel::SendAndWait] Error: Channel error: cannot send/recv

